<?xml version="1.0" encoding="UTF-8"?>
<!-- Generated by org.testng.reporters.JUnitReportReporter -->
<testsuite hostname="Lenovo" failures="0" tests="5" name="testCases.TC101_LoginTestDDT" time="74.984" errors="0" timestamp="2024-12-10T18:58:10 IST" skipped="0">
  <testcase classname="testCases.TC101_LoginTestDDT" name="verify_loginDDT" time="14.778"/>
  <testcase classname="testCases.TC101_LoginTestDDT" name="verify_loginDDT" time="15.729"/>
  <testcase classname="testCases.TC101_LoginTestDDT" name="verify_loginDDT" time="15.379"/>
  <testcase classname="testCases.TC101_LoginTestDDT" name="verify_loginDDT" time="16.732"/>
  <testcase classname="testCases.TC101_LoginTestDDT" name="verify_loginDDT" time="12.366"/>
</testsuite> <!-- testCases.TC101_LoginTestDDT -->
