<?xml version="1.0" encoding="UTF-8"?>
<!-- Generated by org.testng.reporters.JUnitReportReporter -->
<testsuite hostname="Lenovo" failures="0" tests="1" name="testCases.TC101_LoginTest" time="11.451" errors="0" timestamp="2024-12-10T18:58:10 IST" skipped="0">
  <testcase classname="testCases.TC101_LoginTest" name="Validlogin" time="11.451"/>
</testsuite> <!-- testCases.TC101_LoginTest -->
