<?xml version="1.0" encoding="UTF-8"?>
<!-- Generated by org.testng.reporters.JUnitReportReporter -->
<testsuite hostname="LAPTOP-9GECL9UO" failures="0" tests="1" name="testCases.TC103_SelectHotelTest" time="4.151" errors="0" timestamp="2024-11-22T12:14:21 IST" skipped="0">
  <testcase classname="testCases.TC103_SelectHotelTest" name="validate_selectHotel" time="4.151"/>
</testsuite> <!-- testCases.TC103_SelectHotelTest -->
