<?xml version="1.0" encoding="UTF-8"?>
<!-- Generated by org.testng.reporters.JUnitReportReporter -->
<testsuite hostname="Lenovo" failures="0" tests="4" name="testCases.TC103_SelectHotelTest" time="33.663" errors="0" timestamp="2024-12-10T18:58:10 IST" skipped="0">
  <testcase classname="testCases.TC103_SelectHotelTest" name="valid_selectHotel" time="9.576"/>
  <testcase classname="testCases.TC103_SelectHotelTest" name="validate_searchhotel" time="8.179"/>
  <testcase classname="testCases.TC103_SelectHotelTest" name="withoutSelect_hotel" time="7.654"/>
  <testcase classname="testCases.TC103_SelectHotelTest" name="priceCalculation" time="8.254"/>
</testsuite> <!-- testCases.TC103_SelectHotelTest -->
