<?xml version="1.0" encoding="UTF-8"?>
<!-- Generated by org.testng.reporters.JUnitReportReporter -->
<testsuite hostname="Lenovo" failures="0" tests="2" name="testCases.TC104_BookHotelTest" time="19.358" errors="0" timestamp="2024-12-10T18:58:10 IST" skipped="0">
  <testcase classname="testCases.TC104_BookHotelTest" name="validlogin" time="5.357"/>
  <testcase classname="testCases.TC104_BookHotelTest" name="bookhotel" time="14.001"/>
</testsuite> <!-- testCases.TC104_BookHotelTest -->
