<?xml version="1.0" encoding="UTF-8"?>
<!-- Generated by org.testng.reporters.JUnitReportReporter -->
<testsuite hostname="LAPTOP-9GECL9UO" failures="0" tests="1" name="testCases.TC101_LoginTest" time="2.338" errors="0" timestamp="2024-12-10T12:44:20 IST" skipped="0">
  <testcase classname="testCases.TC101_LoginTest" name="Validlogin" time="2.338"/>
</testsuite> <!-- testCases.TC101_LoginTest -->
