<?xml version="1.0" encoding="UTF-8"?>
<!-- Generated by org.testng.reporters.JUnitReportReporter -->
<testsuite hostname="LAPTOP-9GECL9UO" failures="0" tests="1" name="testCases.TC101_LoginTest" time="0.572" errors="0" timestamp="2024-11-15T16:32:27 IST" skipped="0">
  <testcase classname="testCases.TC101_LoginTest" name="login" time="0.572"/>
</testsuite> <!-- testCases.TC101_LoginTest -->
