<?xml version="1.0" encoding="UTF-8"?>
<!-- Generated by org.testng.reporters.JUnitReportReporter -->
<testsuite hostname="LAPTOP-9GECL9UO" failures="0" tests="1" name="testCases.TC105_BookedCancellationTest" time="23.606" errors="0" timestamp="2024-11-25T15:39:29 IST" skipped="0">
  <testcase classname="testCases.TC105_BookedCancellationTest" name="BookedItinerary" time="23.606"/>
</testsuite> <!-- testCases.TC105_BookedCancellationTest -->
