<?xml version="1.0" encoding="UTF-8"?>
<!-- Generated by org.testng.reporters.JUnitReportReporter -->
<testsuite hostname="Lenovo" failures="0" tests="5" name="testCases.TC101_LoginTestDDT" time="91.178" errors="0" timestamp="2024-12-10T19:18:01 IST" skipped="0">
  <testcase classname="testCases.TC101_LoginTestDDT" name="verify_loginDDT" time="15.260"/>
  <testcase classname="testCases.TC101_LoginTestDDT" name="verify_loginDDT" time="24.579"/>
  <testcase classname="testCases.TC101_LoginTestDDT" name="verify_loginDDT" time="21.285"/>
  <testcase classname="testCases.TC101_LoginTestDDT" name="verify_loginDDT" time="14.902"/>
  <testcase classname="testCases.TC101_LoginTestDDT" name="verify_loginDDT" time="15.152"/>
</testsuite> <!-- testCases.TC101_LoginTestDDT -->
