<?xml version="1.0" encoding="UTF-8"?>
<!-- Generated by org.testng.reporters.JUnitReportReporter -->
<testsuite hostname="LAPTOP-9GECL9UO" failures="0" tests="1" name="testCases.TC105_BookingConfirmationTest" time="16.771" errors="0" timestamp="2024-11-25T15:22:46 IST" skipped="0">
  <testcase classname="testCases.TC105_BookingConfirmationTest" name="BookingConfirmation" time="16.771"/>
</testsuite> <!-- testCases.TC105_BookingConfirmationTest -->
