<?xml version="1.0" encoding="UTF-8"?>
<!-- Generated by org.testng.reporters.JUnitReportReporter -->
<testsuite hostname="Lenovo" failures="0" tests="1" name="testCases.TC105_EndToEndTest" time="52.829" errors="0" timestamp="2024-12-10T19:18:01 IST" skipped="0">
  <testcase classname="testCases.TC105_EndToEndTest" name="BookingConfirmation" time="52.829"/>
</testsuite> <!-- testCases.TC105_EndToEndTest -->
