<?xml version="1.0" encoding="UTF-8"?>
<!-- Generated by org.testng.reporters.JUnitReportReporter -->
<testsuite hostname="Lenovo" failures="0" tests="2" name="testCases.TC104_BookHotelTest" time="24.222" errors="0" timestamp="2024-12-10T19:18:01 IST" skipped="0">
  <testcase classname="testCases.TC104_BookHotelTest" name="validlogin" time="6.249"/>
  <testcase classname="testCases.TC104_BookHotelTest" name="bookhotel" time="17.973"/>
</testsuite> <!-- testCases.TC104_BookHotelTest -->
