<?xml version="1.0" encoding="UTF-8"?>
<!-- Generated by org.testng.reporters.JUnitReportReporter -->
<testsuite hostname="LAPTOP-9GECL9UO" failures="0" tests="2" name="testCases.TC104_BookHotelTest" time="11.730" errors="0" timestamp="2024-11-25T17:56:14 IST" skipped="0">
  <testcase classname="testCases.TC104_BookHotelTest" name="validlogin" time="1.649"/>
  <testcase classname="testCases.TC104_BookHotelTest" name="bookhotel" time="10.081"/>
</testsuite> <!-- testCases.TC104_BookHotelTest -->
