<?xml version="1.0" encoding="UTF-8"?>
<!-- Generated by org.testng.reporters.JUnitReportReporter -->
<testsuite hostname="Lenovo" failures="0" tests="1" name="testCases.TC101_LoginTest" time="8.042" errors="0" timestamp="2024-12-10T19:18:01 IST" skipped="0">
  <testcase classname="testCases.TC101_LoginTest" name="Validlogin" time="8.042"/>
</testsuite> <!-- testCases.TC101_LoginTest -->
