<?xml version="1.0" encoding="UTF-8"?>
<!-- Generated by org.testng.reporters.JUnitReportReporter -->
<testsuite hostname="Lenovo" failures="0" tests="4" name="testCases.TC103_SelectHotelTest" time="42.714" errors="0" timestamp="2024-12-10T19:18:01 IST" skipped="0">
  <testcase classname="testCases.TC103_SelectHotelTest" name="valid_selectHotel" time="13.021"/>
  <testcase classname="testCases.TC103_SelectHotelTest" name="validate_searchhotel" time="9.153"/>
  <testcase classname="testCases.TC103_SelectHotelTest" name="withoutSelect_hotel" time="10.569"/>
  <testcase classname="testCases.TC103_SelectHotelTest" name="priceCalculation" time="9.971"/>
</testsuite> <!-- testCases.TC103_SelectHotelTest -->
