<?xml version="1.0" encoding="UTF-8"?>
<!-- Generated by org.testng.reporters.JUnitReportReporter -->
<testsuite hostname="LAPTOP-9GECL9UO" failures="0" tests="4" name="testCases.TC103_SelectHotelTest" time="11.335" errors="0" timestamp="2024-11-25T17:56:14 IST" skipped="0">
  <testcase classname="testCases.TC103_SelectHotelTest" name="valid_selectHotel" time="3.074"/>
  <testcase classname="testCases.TC103_SelectHotelTest" name="validate_searchhotel" time="3.946"/>
  <testcase classname="testCases.TC103_SelectHotelTest" name="withoutSelect_hotel" time="2.125"/>
  <testcase classname="testCases.TC103_SelectHotelTest" name="priceCalculation" time="2.190"/>
</testsuite> <!-- testCases.TC103_SelectHotelTest -->
